<?xml version="1.0" encoding="UTF-8"?>
<!-- Generated by org.testng.reporters.JUnitReportReporter -->
<testsuite skipped="0" hostname="DESKTOP-0PFMAE0" name="com.qa.test.HomePageTest" tests="3" failures="0" timestamp="2021-05-30T14:49:43 PDT" time="199.637" errors="0">
  <testcase name="verifySearchItem" time="76.397" classname="com.qa.test.HomePageTest"/>
  <system-out/>
  <testcase name="verifySearchItem" time="74.089" classname="com.qa.test.HomePageTest"/>
  <system-out/>
  <testcase name="verifySearchItem" time="49.151" classname="com.qa.test.HomePageTest"/>
  <system-out/>
</testsuite> <!-- com.qa.test.HomePageTest -->
